This is pdfTeX, Version 3.14159265-2.6-1.40.20 (TeX Live 2019) (preloaded format=pdflatex 2020.1.27)  4 JUN 2020 14:22
entering extended mode
 restricted \write18 enabled.
 %&-line parsing enabled.
**cp1920t
(./cp1920t.tex
LaTeX2e <2019-10-01> patch level 3
)
*e
! Interruption.
<*> 
    e
? ^^[:q
Type <return> to proceed, S to scroll future error messages,
R to run without stopping, Q to run quietly,
I to insert something, 
H for help, X to quit.
? X
 
Here is how much of TeX's memory you used:
 5 strings out of 492162
 127 string characters out of 6125292
 59185 words of memory out of 5000000
 4473 multiletter control sequences out of 15000+600000
 3640 words of font info for 14 fonts, out of 8000000 for 9000
 1141 hyphenation exceptions out of 8191
 5i,0n,1p,7b,8s stack positions out of 5000i,500n,10000p,200000b,80000s
No pages of output.
PDF statistics:
 0 PDF objects out of 1000 (max. 8388607)
 0 named destinations out of 1000 (max. 500000)
 1 words of extra memory for PDF output out of 10000 (max. 10000000)

